0 info it worked if it ends with ok
1 verbose cli [ '/usr/local/bin/node', '/usr/local/bin/npm', 'start' ]
2 info using npm@1.4.9
3 info using node@v0.10.28
4 verbose run-script [ 'prestart', 'start', 'poststart' ]
5 info prestart mechadiabot@0.1.0
6 info start mechadiabot@0.1.0
7 verbose unsafe-perm in lifecycle true
8 info mechadiabot@0.1.0 Failed to exec start script
9 error mechadiabot@0.1.0 start: `node --harmony ./mechadiabot.js`
9 error Exit status 8
10 error Failed at the mechadiabot@0.1.0 start script.
10 error This is most likely a problem with the mechadiabot package,
10 error not with npm itself.
10 error Tell the author that this fails on your system:
10 error     node --harmony ./mechadiabot.js
10 error You can get their info via:
10 error     npm owner ls mechadiabot
10 error There is likely additional logging output above.
11 error System Linux 3.8.0-26-generic
12 error command "/usr/local/bin/node" "/usr/local/bin/npm" "start"
13 error cwd /home/daustin/workspace/node/bot
14 error node -v v0.10.28
15 error npm -v 1.4.9
16 error code ELIFECYCLE
17 verbose exit [ 1, true ]
